# JRE version: OpenJDK Runtime Environment Temurin-21.0.9+10 (21.0.9+10) (build 21.0.9+10-LTS)
# Java VM: OpenJDK 64-Bit Server VM Temurin-21.0.9+10 (21.0.9+10-LTS, mixed mode, sharing, tiered, compressed oops, compressed class ptrs, parallel gc, windows-amd64)
GC Precious Log:
 CardTable entry size: 512
 CPUs: 4 total, 4 available
 Memory: 8077M
 Large Page Support: Disabled
 NUMA Support: Disabled
 Compressed Oops: Enabled (32-bit)
 Alignments: Space 512K, Generation 512K, Heap 2M
 Heap Min Capacity: 100M
 Heap Initial Capacity: 100M
 Heap Max Capacity: 2G
 Pre-touch: Disabled
 Parallel Workers: 4
Heap:
 PSYoungGen      total 4608K, used 4022K [0x00000000d5580000, 0x00000000d5d80000, 0x0000000100000000)
  eden space 4096K, 93% used [0x00000000d5580000,0x00000000d593db08,0x00000000d5980000)
  from space 512K, 37% used [0x00000000d5c80000,0x00000000d5cb0000,0x00000000d5d00000)
  to   space 512K, 0% used [0x00000000d5d00000,0x00000000d5d00000,0x00000000d5d80000)
 ParOldGen       total 413696K, used 321270K [0x0000000080000000, 0x0000000099400000, 0x00000000d5580000)
  object space 413696K, 77% used [0x0000000080000000,0x00000000939bd840,0x0000000099400000)
 Metaspace       used 75079K, committed 76544K, reserved 1179648K
  class space    used 7974K, committed 8640K, reserved 1048576K
GC Heap History (20 events):
Event: 31787.393 GC heap before
{Heap before GC invocations=385 (full 3):
 PSYoungGen      total 4608K, used 3880K [0x00000000d5580000, 0x00000000d5c00000, 0x0000000100000000)
  eden space 2048K, 100% used [0x00000000d5580000,0x00000000d5780000,0x00000000d5780000)
  from space 2560K, 71% used [0x00000000d5780000,0x00000000d594a000,0x00000000d5a00000)
  to   space 2048K, 0% used [0x00000000d5a00000,0x00000000d5a00000,0x00000000d5c00000)
 ParOldGen       total 413696K, used 313625K [0x0000000080000000, 0x0000000099400000, 0x00000000d5580000)
  object space 413696K, 75% used [0x0000000080000000,0x0000000093246700,0x0000000099400000)
 Metaspace       used 74895K, committed 76352K, reserved 1179648K
  class space    used 7974K, committed 8640K, reserved 1048576K
}
Event: 31787.423 GC heap after
{Heap after GC invocations=385 (full 3):
 PSYoungGen      total 4608K, used 1760K [0x00000000d5580000, 0x00000000d5c00000, 0x0000000100000000)
  eden space 2560K, 0% used [0x00000000d5580000,0x00000000d5580000,0x00000000d5800000)
  from space 2048K, 85% used [0x00000000d5a00000,0x00000000d5bb8200,0x00000000d5c00000)
  to   space 2048K, 0% used [0x00000000d5800000,0x00000000d5800000,0x00000000d5a00000)
 ParOldGen       total 413696K, used 315225K [0x0000000080000000, 0x0000000099400000, 0x00000000d5580000)
  object space 413696K, 76% used [0x0000000080000000,0x00000000933d6700,0x0000000099400000)
 Metaspace       used 74895K, committed 76352K, reserved 1179648K
  class space    used 7974K, committed 8640K, reserved 1048576K
}
Event: 31787.444 GC heap before
{Heap before GC invocations=386 (full 3):
 PSYoungGen      total 4608K, used 4320K [0x00000000d5580000, 0x00000000d5c00000, 0x0000000100000000)
  eden space 2560K, 100% used [0x00000000d5580000,0x00000000d5800000,0x00000000d5800000)
  from space 2048K, 85% used [0x00000000d5a00000,0x00000000d5bb8200,0x00000000d5c00000)
  to   space 2048K, 0% used [0x00000000d5800000,0x00000000d5800000,0x00000000d5a00000)
 ParOldGen       total 413696K, used 315225K [0x0000000080000000, 0x0000000099400000, 0x00000000d5580000)
  object space 413696K, 76% used [0x0000000080000000,0x00000000933d6700,0x0000000099400000)
 Metaspace       used 74895K, committed 76352K, reserved 1179648K
  class space    used 7974K, committed 8640K, reserved 1048576K
}
Event: 31787.470 GC heap after
{Heap after GC invocations=386 (full 3):
 PSYoungGen      total 4608K, used 2048K [0x00000000d5580000, 0x00000000d6280000, 0x0000000100000000)
  eden space 2560K, 0% used [0x00000000d5580000,0x00000000d5580000,0x00000000d5800000)
  from space 2048K, 100% used [0x00000000d5800000,0x00000000d5a00000,0x00000000d5a00000)
  to   space 5120K, 0% used [0x00000000d5d80000,0x00000000d5d80000,0x00000000d6280000)
 ParOldGen       total 413696K, used 317426K [0x0000000080000000, 0x0000000099400000, 0x00000000d5580000)
  object space 413696K, 76% used [0x0000000080000000,0x00000000935fc900,0x0000000099400000)
 Metaspace       used 74895K, committed 76352K, reserved 1179648K
  class space    used 7974K, committed 8640K, reserved 1048576K
}
Event: 31787.759 GC heap before
{Heap before GC invocations=387 (full 3):
 PSYoungGen      total 4608K, used 4608K [0x00000000d5580000, 0x00000000d6280000, 0x0000000100000000)
  eden space 2560K, 100% used [0x00000000d5580000,0x00000000d5800000,0x00000000d5800000)
  from space 2048K, 100% used [0x00000000d5800000,0x00000000d5a00000,0x00000000d5a00000)
  to   space 5120K, 0% used [0x00000000d5d80000,0x00000000d5d80000,0x00000000d6280000)
 ParOldGen       total 413696K, used 317426K [0x0000000080000000, 0x0000000099400000, 0x00000000d5580000)
  object space 413696K, 76% used [0x0000000080000000,0x00000000935fc900,0x0000000099400000)
 Metaspace       used 74902K, committed 76352K, reserved 1179648K
  class space    used 7974K, committed 8640K, reserved 1048576K
}
Event: 31787.788 GC heap after
{Heap after GC invocations=387 (full 3):
 PSYoungGen      total 4608K, used 1200K [0x00000000d5580000, 0x00000000d5f00000, 0x0000000100000000)
  eden space 3072K, 0% used [0x00000000d5580000,0x00000000d5580000,0x00000000d5880000)
  from space 1536K, 78% used [0x00000000d5d80000,0x00000000d5eac000,0x00000000d5f00000)
  to   space 2560K, 0% used [0x00000000d5a00000,0x00000000d5a00000,0x00000000d5c80000)
 ParOldGen       total 413696K, used 319498K [0x0000000080000000, 0x0000000099400000, 0x00000000d5580000)
  object space 413696K, 77% used [0x0000000080000000,0x0000000093802900,0x0000000099400000)
 Metaspace       used 74902K, committed 76352K, reserved 1179648K
  class space    used 7974K, committed 8640K, reserved 1048576K
}
Event: 31802.899 GC heap before
{Heap before GC invocations=388 (full 3):
 PSYoungGen      total 4608K, used 4265K [0x00000000d5580000, 0x00000000d5f00000, 0x0000000100000000)
  eden space 3072K, 99% used [0x00000000d5580000,0x00000000d587e448,0x00000000d5880000)
  from space 1536K, 78% used [0x00000000d5d80000,0x00000000d5eac000,0x00000000d5f00000)
  to   space 2560K, 0% used [0x00000000d5a00000,0x00000000d5a00000,0x00000000d5c80000)
 ParOldGen       total 413696K, used 319498K [0x0000000080000000, 0x0000000099400000, 0x00000000d5580000)
  object space 413696K, 77% used [0x0000000080000000,0x0000000093802900,0x0000000099400000)
 Metaspace       used 74914K, committed 76416K, reserved 1179648K
  class space    used 7974K, committed 8640K, reserved 1048576K
}
Event: 31802.918 GC heap after
{Heap after GC invocations=388 (full 3):
 PSYoungGen      total 6656K, used 128K [0x00000000d5580000, 0x00000000d5e00000, 0x0000000100000000)
  eden space 4096K, 0% used [0x00000000d5580000,0x00000000d5580000,0x00000000d5980000)
  from space 2560K, 5% used [0x00000000d5a00000,0x00000000d5a20000,0x00000000d5c80000)
  to   space 1024K, 0% used [0x00000000d5d00000,0x00000000d5d00000,0x00000000d5e00000)
 ParOldGen       total 413696K, used 320624K [0x0000000080000000, 0x0000000099400000, 0x00000000d5580000)
  object space 413696K, 77% used [0x0000000080000000,0x000000009391c350,0x0000000099400000)
 Metaspace       used 74914K, committed 76416K, reserved 1179648K
  class space    used 7974K, committed 8640K, reserved 1048576K
}
Event: 31941.698 GC heap before
{Heap before GC invocations=389 (full 3):
 PSYoungGen      total 6656K, used 4224K [0x00000000d5580000, 0x00000000d5e00000, 0x0000000100000000)
  eden space 4096K, 100% used [0x00000000d5580000,0x00000000d5980000,0x00000000d5980000)
  from space 2560K, 5% used [0x00000000d5a00000,0x00000000d5a20000,0x00000000d5c80000)
  to   space 1024K, 0% used [0x00000000d5d00000,0x00000000d5d00000,0x00000000d5e00000)
 ParOldGen       total 413696K, used 320624K [0x0000000080000000, 0x0000000099400000, 0x00000000d5580000)
  object space 413696K, 77% used [0x0000000080000000,0x000000009391c350,0x0000000099400000)
 Metaspace       used 74929K, committed 76416K, reserved 1179648K
  class space    used 7974K, committed 8640K, reserved 1048576K
}
Event: 31941.704 GC heap after
{Heap after GC invocations=389 (full 3):
 PSYoungGen      total 4608K, used 256K [0x00000000d5580000, 0x00000000d5d80000, 0x0000000100000000)
  eden space 4096K, 0% used [0x00000000d5580000,0x00000000d5580000,0x00000000d5980000)
  from space 512K, 50% used [0x00000000d5d00000,0x00000000d5d40040,0x00000000d5d80000)
  to   space 512K, 0% used [0x00000000d5c80000,0x00000000d5c80000,0x00000000d5d00000)
 ParOldGen       total 413696K, used 320712K [0x0000000080000000, 0x0000000099400000, 0x00000000d5580000)
  object space 413696K, 77% used [0x0000000080000000,0x0000000093932350,0x0000000099400000)
 Metaspace       used 74929K, committed 76416K, reserved 1179648K
  class space    used 7974K, committed 8640K, reserved 1048576K
}
Event: 31948.051 GC heap before
{Heap before GC invocations=390 (full 3):
 PSYoungGen      total 4608K, used 4352K [0x00000000d5580000, 0x00000000d5d80000, 0x0000000100000000)
  eden space 4096K, 99% used [0x00000000d5580000,0x00000000d597ffe0,0x00000000d5980000)
  from space 512K, 50% used [0x00000000d5d00000,0x00000000d5d40040,0x00000000d5d80000)
  to   space 512K, 0% used [0x00000000d5c80000,0x00000000d5c80000,0x00000000d5d00000)
 ParOldGen       total 413696K, used 320712K [0x0000000080000000, 0x0000000099400000, 0x00000000d5580000)
  object space 413696K, 77% used [0x0000000080000000,0x0000000093932350,0x0000000099400000)
 Metaspace       used 74938K, committed 76416K, reserved 1179648K
  class space    used 7974K, committed 8640K, reserved 1048576K
}
Event: 31948.057 GC heap after
{Heap after GC invocations=390 (full 3):
 PSYoungGen      total 4608K, used 64K [0x00000000d5580000, 0x00000000d5d80000, 0x0000000100000000)
  eden space 4096K, 0% used [0x00000000d5580000,0x00000000d5580000,0x00000000d5980000)
  from space 512K, 12% used [0x00000000d5c80000,0x00000000d5c90000,0x00000000d5d00000)
  to   space 512K, 0% used [0x00000000d5d00000,0x00000000d5d00000,0x00000000d5d80000)
 ParOldGen       total 413696K, used 320872K [0x0000000080000000, 0x0000000099400000, 0x00000000d5580000)
  object space 413696K, 77% used [0x0000000080000000,0x000000009395a390,0x0000000099400000)
 Metaspace       used 74938K, committed 76416K, reserved 1179648K
  class space    used 7974K, committed 8640K, reserved 1048576K
}
Event: 31949.668 GC heap before
{Heap before GC invocations=391 (full 3):
 PSYoungGen      total 4608K, used 4160K [0x00000000d5580000, 0x00000000d5d80000, 0x0000000100000000)
  eden space 4096K, 100% used [0x00000000d5580000,0x00000000d5980000,0x00000000d5980000)
  from space 512K, 12% used [0x00000000d5c80000,0x00000000d5c90000,0x00000000d5d00000)
  to   space 512K, 0% used [0x00000000d5d00000,0x00000000d5d00000,0x00000000d5d80000)
 ParOldGen       total 413696K, used 320872K [0x0000000080000000, 0x0000000099400000, 0x00000000d5580000)
  object space 413696K, 77% used [0x0000000080000000,0x000000009395a390,0x0000000099400000)
 Metaspace       used 74957K, committed 76416K, reserved 1179648K
  class space    used 7974K, committed 8640K, reserved 1048576K
}
Event: 31949.671 GC heap after
{Heap after GC invocations=391 (full 3):
 PSYoungGen      total 4608K, used 448K [0x00000000d5580000, 0x00000000d5d80000, 0x0000000100000000)
  eden space 4096K, 0% used [0x00000000d5580000,0x00000000d5580000,0x00000000d5980000)
  from space 512K, 87% used [0x00000000d5d00000,0x00000000d5d70020,0x00000000d5d80000)
  to   space 1024K, 0% used [0x00000000d5b80000,0x00000000d5b80000,0x00000000d5c80000)
 ParOldGen       total 413696K, used 320904K [0x0000000080000000, 0x0000000099400000, 0x00000000d5580000)
  object space 413696K, 77% used [0x0000000080000000,0x0000000093962390,0x0000000099400000)
 Metaspace       used 74957K, committed 76416K, reserved 1179648K
  class space    used 7974K, committed 8640K, reserved 1048576K
}
Event: 31951.958 GC heap before
{Heap before GC invocations=392 (full 3):
 PSYoungGen      total 4608K, used 4544K [0x00000000d5580000, 0x00000000d5d80000, 0x0000000100000000)
  eden space 4096K, 99% used [0x00000000d5580000,0x00000000d597fff0,0x00000000d5980000)
  from space 512K, 87% used [0x00000000d5d00000,0x00000000d5d70020,0x00000000d5d80000)
  to   space 1024K, 0% used [0x00000000d5b80000,0x00000000d5b80000,0x00000000d5c80000)
 ParOldGen       total 413696K, used 320904K [0x0000000080000000, 0x0000000099400000, 0x00000000d5580000)
  object space 413696K, 77% used [0x0000000080000000,0x0000000093962390,0x0000000099400000)
 Metaspace       used 75016K, committed 76480K, reserved 1179648K
  class space    used 7974K, committed 8640K, reserved 1048576K
}
Event: 31951.965 GC heap after
{Heap after GC invocations=392 (full 3):
 PSYoungGen      total 5120K, used 208K [0x00000000d5580000, 0x00000000d5d80000, 0x0000000100000000)
  eden space 4096K, 0% used [0x00000000d5580000,0x00000000d5580000,0x00000000d5980000)
  from space 1024K, 20% used [0x00000000d5b80000,0x00000000d5bb4010,0x00000000d5c80000)
  to   space 512K, 0% used [0x00000000d5d00000,0x00000000d5d00000,0x00000000d5d80000)
 ParOldGen       total 413696K, used 321238K [0x0000000080000000, 0x0000000099400000, 0x00000000d5580000)
  object space 413696K, 77% used [0x0000000080000000,0x00000000939b5840,0x0000000099400000)
 Metaspace       used 75016K, committed 76480K, reserved 1179648K
  class space    used 7974K, committed 8640K, reserved 1048576K
}
Event: 31960.572 GC heap before
{Heap before GC invocations=393 (full 3):
 PSYoungGen      total 5120K, used 4304K [0x00000000d5580000, 0x00000000d5d80000, 0x0000000100000000)
  eden space 4096K, 100% used [0x00000000d5580000,0x00000000d5980000,0x00000000d5980000)
  from space 1024K, 20% used [0x00000000d5b80000,0x00000000d5bb4010,0x00000000d5c80000)
  to   space 512K, 0% used [0x00000000d5d00000,0x00000000d5d00000,0x00000000d5d80000)
 ParOldGen       total 413696K, used 321238K [0x0000000080000000, 0x0000000099400000, 0x00000000d5580000)
  object space 413696K, 77% used [0x0000000080000000,0x00000000939b5840,0x0000000099400000)
 Metaspace       used 75019K, committed 76480K, reserved 1179648K
  class space    used 7974K, committed 8640K, reserved 1048576K
}
Event: 31960.576 GC heap after
{Heap after GC invocations=393 (full 3):
 PSYoungGen      total 4608K, used 96K [0x00000000d5580000, 0x00000000d5d80000, 0x0000000100000000)
  eden space 4096K, 0% used [0x00000000d5580000,0x00000000d5580000,0x00000000d5980000)
  from space 512K, 18% used [0x00000000d5d00000,0x00000000d5d18000,0x00000000d5d80000)
  to   space 512K, 0% used [0x00000000d5c80000,0x00000000d5c80000,0x00000000d5d00000)
 ParOldGen       total 413696K, used 321254K [0x0000000080000000, 0x0000000099400000, 0x00000000d5580000)
  object space 413696K, 77% used [0x0000000080000000,0x00000000939b9840,0x0000000099400000)
 Metaspace       used 75019K, committed 76480K, reserved 1179648K
  class space    used 7974K, committed 8640K, reserved 1048576K
}
Event: 31961.315 GC heap before
{Heap before GC invocations=394 (full 3):
 PSYoungGen      total 4608K, used 4192K [0x00000000d5580000, 0x00000000d5d80000, 0x0000000100000000)
  eden space 4096K, 100% used [0x00000000d5580000,0x00000000d5980000,0x00000000d5980000)
  from space 512K, 18% used [0x00000000d5d00000,0x00000000d5d18000,0x00000000d5d80000)
  to   space 512K, 0% used [0x00000000d5c80000,0x00000000d5c80000,0x00000000d5d00000)
 ParOldGen       total 413696K, used 321254K [0x0000000080000000, 0x0000000099400000, 0x00000000d5580000)
  object space 413696K, 77% used [0x0000000080000000,0x00000000939b9840,0x0000000099400000)
 Metaspace       used 75043K, committed 76480K, reserved 1179648K
  class space    used 7974K, committed 8640K, reserved 1048576K
}
Event: 31961.319 GC heap after
{Heap after GC invocations=394 (full 3):
 PSYoungGen      total 4608K, used 192K [0x00000000d5580000, 0x00000000d5d80000, 0x0000000100000000)
  eden space 4096K, 0% used [0x00000000d5580000,0x00000000d5580000,0x00000000d5980000)
  from space 512K, 37% used [0x00000000d5c80000,0x00000000d5cb0000,0x00000000d5d00000)
  to   space 512K, 0% used [0x00000000d5d00000,0x00000000d5d00000,0x00000000d5d80000)
 ParOldGen       total 413696K, used 321270K [0x0000000080000000, 0x0000000099400000, 0x00000000d5580000)
  object space 413696K, 77% used [0x0000000080000000,0x00000000939bd840,0x0000000099400000)
 Metaspace       used 75043K, committed 76480K, reserved 1179648K
  class space    used 7974K, committed 8640K, reserved 1048576K
}

